app/build/intermediates/manifest_merge_blame_file/debug/manifest-merger-blame-debug-report.txt
1<?xml version="1.0" encoding="utf-8"?>
2<manifest xmlns:android="http://schemas.android.com/apk/res/android"
3    package="com.example.lab_04"
4    android:versionCode="1"
5    android:versionName="1.0" >
6
7    <uses-sdk
8        android:minSdkVersion="16"
8-->src\main\AndroidManifest.xml
9        android:targetSdkVersion="30" />
9-->src\main\AndroidManifest.xml
10
11    <!-- xmlns:tools="http://schemas.android.com/tools" -->
12    <application
12-->src\main\AndroidManifest.xml:6:5-136:19
13        android:appComponentFactory="androidx.core.app.CoreComponentFactory"
13-->[androidx.core:core:1.3.1] AndroidManifest.xml:24:18-86
14        android:debuggable="true"
15        android:icon="@drawable/app_notes"
15-->src\main\AndroidManifest.xml:7:9-43
16        android:label="@string/app_name"
16-->src\main\AndroidManifest.xml:8:9-41
17        android:testOnly="true" >
18        <provider
18-->src\main\AndroidManifest.xml:10:9-15:20
19            android:name="com.example.android.notepad.NotePadProvider"
19-->src\main\AndroidManifest.xml:11:13-44
20            android:authorities="com.google.provider.NotePad"
20-->src\main\AndroidManifest.xml:12:13-62
21            android:exported="false" >
21-->src\main\AndroidManifest.xml:13:13-37
22            <grant-uri-permission android:pathPattern=".*" />
22-->src\main\AndroidManifest.xml:14:13-62
22-->src\main\AndroidManifest.xml:14:35-59
23        </provider>
24
25        <activity
25-->src\main\AndroidManifest.xml:17:9-39:20
26            android:name="com.example.android.notepad.NotesList"
26-->src\main\AndroidManifest.xml:18:13-38
27            android:label="@string/title_notes_list" >
27-->src\main\AndroidManifest.xml:19:13-53
28            <intent-filter>
28-->src\main\AndroidManifest.xml:20:13-24:29
29                <action android:name="android.intent.action.MAIN" />
29-->src\main\AndroidManifest.xml:21:17-69
29-->src\main\AndroidManifest.xml:21:25-66
30
31                <category android:name="android.intent.category.LAUNCHER" />
31-->src\main\AndroidManifest.xml:23:17-77
31-->src\main\AndroidManifest.xml:23:27-74
32            </intent-filter>
33            <!--
34            <intent-filter>
35                <action android:name="android.intent.action.VIEW" />
36                <action android:name="android.intent.action.EDIT" />
37                <action android:name="android.intent.action.PICK" />
38
39                <category android:name="android.intent.category.DEFAULT" />
40
41                <data android:mimeType="vnd.android.cursor.dir/vnd.google.note" />
42            </intent-filter>
43            -->
44            <intent-filter>
44-->src\main\AndroidManifest.xml:34:13-38:29
45                <action android:name="android.intent.action.GET_CONTENT" />
45-->src\main\AndroidManifest.xml:35:17-76
45-->src\main\AndroidManifest.xml:35:25-73
46
47                <category android:name="android.intent.category.DEFAULT" />
47-->src\main\AndroidManifest.xml:36:17-76
47-->src\main\AndroidManifest.xml:36:27-73
48
49                <data android:mimeType="vnd.android.cursor.item/vnd.google.note" />
49-->src\main\AndroidManifest.xml:37:17-84
49-->src\main\AndroidManifest.xml:37:23-81
50            </intent-filter>
51        </activity>
52        <activity
52-->src\main\AndroidManifest.xml:41:9-42:51
53            android:name="com.example.android.notepad.NoteSearch"
53-->src\main\AndroidManifest.xml:41:19-45
54            android:label="@string/menu_search" />
54-->src\main\AndroidManifest.xml:42:13-48
55        <activity
55-->src\main\AndroidManifest.xml:44:9-76:20
56            android:name="com.example.android.notepad.NoteEditor"
56-->src\main\AndroidManifest.xml:45:13-39
57            android:configChanges="keyboardHidden|orientation"
57-->src\main\AndroidManifest.xml:46:13-63
58            android:screenOrientation="sensor"
58-->src\main\AndroidManifest.xml:47:13-47
59            android:theme="@android:style/Theme.Holo.Light" >
59-->src\main\AndroidManifest.xml:48:13-60
60
61            <!--
62                 This filter says that we can view or edit the data of
63                 a single note
64            -->
65            <!-- <intent-filter android:label="@string/resolve_edit"> -->
66            <!-- <action android:name="android.intent.action.VIEW" /> -->
67            <!-- <action android:name="android.intent.action.EDIT" /> -->
68            <!-- <action android:name="com.android.notepad.action.EDIT_NOTE" /> -->
69
70
71            <!-- <category android:name="android.intent.category.DEFAULT" /> -->
72
73
74            <!-- <data android:mimeType="vnd.android.cursor.item/vnd.google.note" /> -->
75            <!-- </intent-filter> -->
76
77
78            <!--
79                 This filter says that we can create a new note inside
80                 of a directory of notes.  The INSERT action creates an
81                 empty note; the PASTE action initializes a new note from
82                 the current contents of the clipboard.
83            -->
84            <intent-filter>
84-->src\main\AndroidManifest.xml:70:13-75:29
85                <action android:name="android.intent.action.INSERT" />
85-->src\main\AndroidManifest.xml:71:17-71
85-->src\main\AndroidManifest.xml:71:25-68
86                <action android:name="android.intent.action.PASTE" />
86-->src\main\AndroidManifest.xml:72:17-70
86-->src\main\AndroidManifest.xml:72:25-67
87
88                <category android:name="android.intent.category.DEFAULT" />
88-->src\main\AndroidManifest.xml:36:17-76
88-->src\main\AndroidManifest.xml:36:27-73
89
90                <data android:mimeType="vnd.android.cursor.dir/vnd.google.note" />
90-->src\main\AndroidManifest.xml:37:17-84
90-->src\main\AndroidManifest.xml:37:23-81
91            </intent-filter>
92        </activity>
93        <activity
93-->src\main\AndroidManifest.xml:77:9-113:20
94            android:name="com.example.android.notepad.TitleEditor"
94-->src\main\AndroidManifest.xml:78:13-40
95            android:icon="@drawable/ic_menu_edit"
95-->src\main\AndroidManifest.xml:79:13-50
96            android:label="@string/title_edit_title"
96-->src\main\AndroidManifest.xml:80:13-53
97            android:theme="@android:style/Theme.Holo.Dialog"
97-->src\main\AndroidManifest.xml:81:13-61
98            android:windowSoftInputMode="stateVisible" >
98-->src\main\AndroidManifest.xml:82:13-55
99
100            <!--
101                 This activity implements an alternative action that can be
102                 performed on notes: editing their title.  It can be used as
103                 a default operation if the user invokes this action, and is
104                 available as an alternative action for any note data.
105            -->
106            <intent-filter android:label="@string/resolve_title" >
106-->src\main\AndroidManifest.xml:90:13-112:29
106-->src\main\AndroidManifest.xml:90:28-65
107
108                <!--
109                     This is the action we perform.  It is a custom action we
110                     define for our application, not a generic VIEW or EDIT
111                     action since we are not a general note viewer/editor.
112                -->
113                <action android:name="com.android.notepad.action.EDIT_TITLE" />
113-->src\main\AndroidManifest.xml:97:17-80
113-->src\main\AndroidManifest.xml:97:25-77
114                <!-- DEFAULT: execute if being directly invoked. -->
115                <category android:name="android.intent.category.DEFAULT" />
115-->src\main\AndroidManifest.xml:36:17-76
115-->src\main\AndroidManifest.xml:36:27-73
116                <!--
117                     ALTERNATIVE: show as an alternative action when the user is
118                     working with this type of data.
119                -->
120                <category android:name="android.intent.category.ALTERNATIVE" />
120-->src\main\AndroidManifest.xml:104:17-80
120-->src\main\AndroidManifest.xml:104:27-77
121                <!--
122                     SELECTED_ALTERNATIVE: show as an alternative action the user
123                     can perform when selecting this type of data.
124                -->
125                <category android:name="android.intent.category.SELECTED_ALTERNATIVE" />
125-->src\main\AndroidManifest.xml:109:17-89
125-->src\main\AndroidManifest.xml:109:27-86
126                <!-- This is the data type we operate on. -->
127                <data android:mimeType="vnd.android.cursor.item/vnd.google.note" />
127-->src\main\AndroidManifest.xml:37:17-84
127-->src\main\AndroidManifest.xml:37:23-81
128            </intent-filter>
129        </activity>
130        <activity
130-->src\main\AndroidManifest.xml:114:9-123:20
131            android:name="com.example.android.notepad.NotesLiveFolder"
131-->src\main\AndroidManifest.xml:115:13-44
132            android:icon="@drawable/live_folder_notes"
132-->src\main\AndroidManifest.xml:116:13-55
133            android:label="@string/live_folder_name" >
133-->src\main\AndroidManifest.xml:117:13-53
134            <intent-filter>
134-->src\main\AndroidManifest.xml:118:13-122:29
135                <action android:name="android.intent.action.CREATE_LIVE_FOLDER" />
135-->src\main\AndroidManifest.xml:119:17-83
135-->src\main\AndroidManifest.xml:119:25-80
136
137                <category android:name="android.intent.category.DEFAULT" />
137-->src\main\AndroidManifest.xml:36:17-76
137-->src\main\AndroidManifest.xml:36:27-73
138            </intent-filter>
139        </activity>
140
141        <!--
142            <activity
143            android:name="NotesList"
144            android:label="@string/title_notes_list"
145            android:theme="@android:style/Theme.Holo.Light"
146            tools:ignore="DuplicateActivity" />
147        -->
148        <!--
149            <activity
150            android:name=".NoteSearch"
151            android:label="NoteSearch"
152            android:theme="@android:style/Theme.Holo.Light"
153            tools:ignore="DuplicateActivity" />
154        -->
155
156    </application>
157
158</manifest>